<?xml version="1.0" encoding="UTF-8"?>
<testsuite xmlns:xsi="http://www.w3.org/2001/XMLSchema-instance" xsi:noNamespaceSchemaLocation="https://maven.apache.org/surefire/maven-surefire-plugin/xsd/surefire-test-report-3.0.xsd" version="3.0" name="com.feelthefour.ftfstore.AppTest" time="0.018" tests="1" errors="0" skipped="0" failures="0">
  <properties>
    <property name="java.specification.version" value="23"/>
    <property name="sun.jnu.encoding" value="UTF-8"/>
    <property name="java.class.path" value="/Users/jarrettdougherty/Desktop/repos/ftfstore/target/test-classes:/Users/jarrettdougherty/Desktop/repos/ftfstore/target/classes:/Users/jarrettdougherty/.m2/repository/junit/junit/3.8.1/junit-3.8.1.jar:/Users/jarrettdougherty/.m2/repository/io/javalin/javalin/6.4.0/javalin-6.4.0.jar:/Users/jarrettdougherty/.m2/repository/org/slf4j/slf4j-api/2.0.16/slf4j-api-2.0.16.jar:/Users/jarrettdougherty/.m2/repository/org/eclipse/jetty/jetty-server/11.0.24/jetty-server-11.0.24.jar:/Users/jarrettdougherty/.m2/repository/org/eclipse/jetty/jetty-http/11.0.24/jetty-http-11.0.24.jar:/Users/jarrettdougherty/.m2/repository/org/eclipse/jetty/jetty-util/11.0.24/jetty-util-11.0.24.jar:/Users/jarrettdougherty/.m2/repository/org/eclipse/jetty/jetty-io/11.0.24/jetty-io-11.0.24.jar:/Users/jarrettdougherty/.m2/repository/org/eclipse/jetty/toolchain/jetty-jakarta-servlet-api/5.0.2/jetty-jakarta-servlet-api-5.0.2.jar:/Users/jarrettdougherty/.m2/repository/org/eclipse/jetty/websocket/websocket-jetty-server/11.0.24/websocket-jetty-server-11.0.24.jar:/Users/jarrettdougherty/.m2/repository/org/eclipse/jetty/jetty-servlet/11.0.24/jetty-servlet-11.0.24.jar:/Users/jarrettdougherty/.m2/repository/org/eclipse/jetty/jetty-security/11.0.24/jetty-security-11.0.24.jar:/Users/jarrettdougherty/.m2/repository/org/eclipse/jetty/jetty-webapp/11.0.24/jetty-webapp-11.0.24.jar:/Users/jarrettdougherty/.m2/repository/org/eclipse/jetty/jetty-xml/11.0.24/jetty-xml-11.0.24.jar:/Users/jarrettdougherty/.m2/repository/org/eclipse/jetty/websocket/websocket-jetty-api/11.0.24/websocket-jetty-api-11.0.24.jar:/Users/jarrettdougherty/.m2/repository/org/eclipse/jetty/websocket/websocket-jetty-common/11.0.24/websocket-jetty-common-11.0.24.jar:/Users/jarrettdougherty/.m2/repository/org/eclipse/jetty/websocket/websocket-core-common/11.0.24/websocket-core-common-11.0.24.jar:/Users/jarrettdougherty/.m2/repository/org/eclipse/jetty/websocket/websocket-servlet/11.0.24/websocket-servlet-11.0.24.jar:/Users/jarrettdougherty/.m2/repository/org/eclipse/jetty/websocket/websocket-core-server/11.0.24/websocket-core-server-11.0.24.jar:/Users/jarrettdougherty/.m2/repository/org/jetbrains/kotlin/kotlin-stdlib-jdk8/1.9.25/kotlin-stdlib-jdk8-1.9.25.jar:/Users/jarrettdougherty/.m2/repository/org/jetbrains/kotlin/kotlin-stdlib/1.9.25/kotlin-stdlib-1.9.25.jar:/Users/jarrettdougherty/.m2/repository/org/jetbrains/annotations/13.0/annotations-13.0.jar:/Users/jarrettdougherty/.m2/repository/org/jetbrains/kotlin/kotlin-stdlib-jdk7/1.9.25/kotlin-stdlib-jdk7-1.9.25.jar:/Users/jarrettdougherty/.m2/repository/org/slf4j/slf4j-simple/2.0.16/slf4j-simple-2.0.16.jar:"/>
    <property name="java.vm.vendor" value="Homebrew"/>
    <property name="sun.arch.data.model" value="64"/>
    <property name="java.vendor.url" value="https://github.com/Homebrew/homebrew-core/issues"/>
    <property name="os.name" value="Mac OS X"/>
    <property name="java.vm.specification.version" value="23"/>
    <property name="sun.java.launcher" value="SUN_STANDARD"/>
    <property name="user.country" value="US"/>
    <property name="sun.boot.library.path" value="/opt/homebrew/Cellar/openjdk/23.0.2/libexec/openjdk.jdk/Contents/Home/lib"/>
    <property name="sun.java.command" value="/Users/jarrettdougherty/Desktop/repos/ftfstore/target/surefire/surefirebooter-20250206135619324_3.jar /Users/jarrettdougherty/Desktop/repos/ftfstore/target/surefire 2025-02-06T13-56-19_292-jvmRun1 surefire-20250206135619324_1tmp surefire_0-20250206135619324_2tmp"/>
    <property name="http.nonProxyHosts" value="local|*.local|169.254/16|*.169.254/16"/>
    <property name="jdk.debug" value="release"/>
    <property name="surefire.test.class.path" value="/Users/jarrettdougherty/Desktop/repos/ftfstore/target/test-classes:/Users/jarrettdougherty/Desktop/repos/ftfstore/target/classes:/Users/jarrettdougherty/.m2/repository/junit/junit/3.8.1/junit-3.8.1.jar:/Users/jarrettdougherty/.m2/repository/io/javalin/javalin/6.4.0/javalin-6.4.0.jar:/Users/jarrettdougherty/.m2/repository/org/slf4j/slf4j-api/2.0.16/slf4j-api-2.0.16.jar:/Users/jarrettdougherty/.m2/repository/org/eclipse/jetty/jetty-server/11.0.24/jetty-server-11.0.24.jar:/Users/jarrettdougherty/.m2/repository/org/eclipse/jetty/jetty-http/11.0.24/jetty-http-11.0.24.jar:/Users/jarrettdougherty/.m2/repository/org/eclipse/jetty/jetty-util/11.0.24/jetty-util-11.0.24.jar:/Users/jarrettdougherty/.m2/repository/org/eclipse/jetty/jetty-io/11.0.24/jetty-io-11.0.24.jar:/Users/jarrettdougherty/.m2/repository/org/eclipse/jetty/toolchain/jetty-jakarta-servlet-api/5.0.2/jetty-jakarta-servlet-api-5.0.2.jar:/Users/jarrettdougherty/.m2/repository/org/eclipse/jetty/websocket/websocket-jetty-server/11.0.24/websocket-jetty-server-11.0.24.jar:/Users/jarrettdougherty/.m2/repository/org/eclipse/jetty/jetty-servlet/11.0.24/jetty-servlet-11.0.24.jar:/Users/jarrettdougherty/.m2/repository/org/eclipse/jetty/jetty-security/11.0.24/jetty-security-11.0.24.jar:/Users/jarrettdougherty/.m2/repository/org/eclipse/jetty/jetty-webapp/11.0.24/jetty-webapp-11.0.24.jar:/Users/jarrettdougherty/.m2/repository/org/eclipse/jetty/jetty-xml/11.0.24/jetty-xml-11.0.24.jar:/Users/jarrettdougherty/.m2/repository/org/eclipse/jetty/websocket/websocket-jetty-api/11.0.24/websocket-jetty-api-11.0.24.jar:/Users/jarrettdougherty/.m2/repository/org/eclipse/jetty/websocket/websocket-jetty-common/11.0.24/websocket-jetty-common-11.0.24.jar:/Users/jarrettdougherty/.m2/repository/org/eclipse/jetty/websocket/websocket-core-common/11.0.24/websocket-core-common-11.0.24.jar:/Users/jarrettdougherty/.m2/repository/org/eclipse/jetty/websocket/websocket-servlet/11.0.24/websocket-servlet-11.0.24.jar:/Users/jarrettdougherty/.m2/repository/org/eclipse/jetty/websocket/websocket-core-server/11.0.24/websocket-core-server-11.0.24.jar:/Users/jarrettdougherty/.m2/repository/org/jetbrains/kotlin/kotlin-stdlib-jdk8/1.9.25/kotlin-stdlib-jdk8-1.9.25.jar:/Users/jarrettdougherty/.m2/repository/org/jetbrains/kotlin/kotlin-stdlib/1.9.25/kotlin-stdlib-1.9.25.jar:/Users/jarrettdougherty/.m2/repository/org/jetbrains/annotations/13.0/annotations-13.0.jar:/Users/jarrettdougherty/.m2/repository/org/jetbrains/kotlin/kotlin-stdlib-jdk7/1.9.25/kotlin-stdlib-jdk7-1.9.25.jar:/Users/jarrettdougherty/.m2/repository/org/slf4j/slf4j-simple/2.0.16/slf4j-simple-2.0.16.jar:"/>
    <property name="sun.cpu.endian" value="little"/>
    <property name="user.home" value="/Users/jarrettdougherty"/>
    <property name="user.language" value="en"/>
    <property name="java.specification.vendor" value="Oracle Corporation"/>
    <property name="java.version.date" value="2025-01-21"/>
    <property name="java.home" value="/opt/homebrew/Cellar/openjdk/23.0.2/libexec/openjdk.jdk/Contents/Home"/>
    <property name="file.separator" value="/"/>
    <property name="basedir" value="/Users/jarrettdougherty/Desktop/repos/ftfstore"/>
    <property name="java.vm.compressedOopsMode" value="Zero based"/>
    <property name="line.separator" value="&#10;"/>
    <property name="java.vm.specification.vendor" value="Oracle Corporation"/>
    <property name="java.specification.name" value="Java Platform API Specification"/>
    <property name="apple.awt.application.name" value="ForkedBooter"/>
    <property name="surefire.real.class.path" value="/Users/jarrettdougherty/Desktop/repos/ftfstore/target/surefire/surefirebooter-20250206135619324_3.jar"/>
    <property name="sun.management.compiler" value="HotSpot 64-Bit Tiered Compilers"/>
    <property name="ftp.nonProxyHosts" value="local|*.local|169.254/16|*.169.254/16"/>
    <property name="java.runtime.version" value="23.0.2"/>
    <property name="user.name" value="jarrettdougherty"/>
    <property name="stdout.encoding" value="UTF-8"/>
    <property name="path.separator" value=":"/>
    <property name="os.version" value="14.5"/>
    <property name="java.runtime.name" value="OpenJDK Runtime Environment"/>
    <property name="file.encoding" value="UTF-8"/>
    <property name="java.vm.name" value="OpenJDK 64-Bit Server VM"/>
    <property name="java.vendor.version" value="Homebrew"/>
    <property name="localRepository" value="/Users/jarrettdougherty/.m2/repository"/>
    <property name="java.vendor.url.bug" value="https://github.com/Homebrew/homebrew-core/issues"/>
    <property name="java.io.tmpdir" value="/var/folders/kz/3vbgr6pd62q22j8ktk77hyxr0000gn/T/"/>
    <property name="java.version" value="23.0.2"/>
    <property name="user.dir" value="/Users/jarrettdougherty/Desktop/repos/ftfstore"/>
    <property name="os.arch" value="aarch64"/>
    <property name="java.vm.specification.name" value="Java Virtual Machine Specification"/>
    <property name="native.encoding" value="UTF-8"/>
    <property name="java.library.path" value="/Users/jarrettdougherty/Library/Java/Extensions:/Library/Java/Extensions:/Network/Library/Java/Extensions:/System/Library/Java/Extensions:/usr/lib/java:."/>
    <property name="java.vm.info" value="mixed mode, sharing"/>
    <property name="stderr.encoding" value="UTF-8"/>
    <property name="java.vendor" value="Homebrew"/>
    <property name="java.vm.version" value="23.0.2"/>
    <property name="sun.io.unicode.encoding" value="UnicodeBig"/>
    <property name="socksNonProxyHosts" value="local|*.local|169.254/16|*.169.254/16"/>
    <property name="java.class.version" value="67.0"/>
  </properties>
  <testcase name="testApp" classname="com.feelthefour.ftfstore.AppTest" time="0.001"/>
</testsuite>